# JRE version: OpenJDK Runtime Environment Temurin-17.0.7+7 (17.0.7+7) (build 17.0.7+7)
# Java VM: OpenJDK 64-Bit Server VM Temurin-17.0.7+7 (17.0.7+7, mixed mode, tiered, compressed oops, compressed class ptrs, parallel gc, linux-amd64)
GC Precious Log:
 CPUs: 4 total, 4 available
 Memory: 3920M
 Large Page Support: Disabled
 NUMA Support: Disabled
 Compressed Oops: Enabled (32-bit)
 Alignments: Space 512K, Generation 512K, Heap 2M
 Heap Min Capacity: 100M
 Heap Initial Capacity: 100M
 Heap Max Capacity: 1G
 Pre-touch: Disabled
 Parallel Workers: 4
Heap:
 PSYoungGen      total 22528K, used 22526K [0x00000000eab00000, 0x00000000eda00000, 0x0000000100000000)
  eden space 14336K, 99% used [0x00000000eab00000,0x00000000eb8ff9c0,0x00000000eb900000)
  from space 8192K, 100% used [0x00000000eb980000,0x00000000ec180000,0x00000000ec180000)
  to   space 16896K, 0% used [0x00000000ec980000,0x00000000ec988000,0x00000000eda00000)
 ParOldGen       total 117248K, used 94246K [0x00000000c0000000, 0x00000000c7280000, 0x00000000eab00000)
  object space 117248K, 80% used [0x00000000c0000000,0x00000000c5c09bd0,0x00000000c7280000)
 Metaspace       used 69410K, committed 70592K, reserved 1114112K
  class space    used 7416K, committed 7936K, reserved 1048576K
GC Heap History (20 events):
Event: 12.375 GC heap after
{Heap after GC invocations=71 (full 4):
 PSYoungGen      total 14848K, used 5048K [0x00000000eab00000, 0x00000000ec000000, 0x0000000100000000)
  eden space 9728K, 0% used [0x00000000eab00000,0x00000000eab00000,0x00000000eb480000)
  from space 5120K, 98% used [0x00000000ebb00000,0x00000000ebfee308,0x00000000ec000000)
  to   space 5632K, 0% used [0x00000000eb500000,0x00000000eb500000,0x00000000eba80000)
 ParOldGen       total 89088K, used 69711K [0x00000000c0000000, 0x00000000c5700000, 0x00000000eab00000)
  object space 89088K, 78% used [0x00000000c0000000,0x00000000c4413d78,0x00000000c5700000)
 Metaspace       used 68875K, committed 70080K, reserved 1114112K
  class space    used 7352K, committed 7872K, reserved 1048576K
}
Event: 12.401 GC heap before
{Heap before GC invocations=72 (full 4):
 PSYoungGen      total 14848K, used 14776K [0x00000000eab00000, 0x00000000ec000000, 0x0000000100000000)
  eden space 9728K, 100% used [0x00000000eab00000,0x00000000eb480000,0x00000000eb480000)
  from space 5120K, 98% used [0x00000000ebb00000,0x00000000ebfee308,0x00000000ec000000)
  to   space 5632K, 0% used [0x00000000eb500000,0x00000000eb500000,0x00000000eba80000)
 ParOldGen       total 89088K, used 69718K [0x00000000c0000000, 0x00000000c5700000, 0x00000000eab00000)
  object space 89088K, 78% used [0x00000000c0000000,0x00000000c4415828,0x00000000c5700000)
 Metaspace       used 68974K, committed 70144K, reserved 1114112K
  class space    used 7366K, committed 7872K, reserved 1048576K
}
Event: 12.403 GC heap after
{Heap after GC invocations=72 (full 4):
 PSYoungGen      total 13824K, used 3958K [0x00000000eab00000, 0x00000000ebd80000, 0x0000000100000000)
  eden space 9728K, 0% used [0x00000000eab00000,0x00000000eab00000,0x00000000eb480000)
  from space 4096K, 96% used [0x00000000eb500000,0x00000000eb8dd810,0x00000000eb900000)
  to   space 4608K, 0% used [0x00000000eb900000,0x00000000eb900000,0x00000000ebd80000)
 ParOldGen       total 89088K, used 75085K [0x00000000c0000000, 0x00000000c5700000, 0x00000000eab00000)
  object space 89088K, 84% used [0x00000000c0000000,0x00000000c49537b8,0x00000000c5700000)
 Metaspace       used 68974K, committed 70144K, reserved 1114112K
  class space    used 7366K, committed 7872K, reserved 1048576K
}
Event: 12.412 GC heap before
{Heap before GC invocations=73 (full 4):
 PSYoungGen      total 13824K, used 13686K [0x00000000eab00000, 0x00000000ebd80000, 0x0000000100000000)
  eden space 9728K, 100% used [0x00000000eab00000,0x00000000eb480000,0x00000000eb480000)
  from space 4096K, 96% used [0x00000000eb500000,0x00000000eb8dd810,0x00000000eb900000)
  to   space 4608K, 0% used [0x00000000eb900000,0x00000000eb900000,0x00000000ebd80000)
 ParOldGen       total 89088K, used 75097K [0x00000000c0000000, 0x00000000c5700000, 0x00000000eab00000)
  object space 89088K, 84% used [0x00000000c0000000,0x00000000c4956690,0x00000000c5700000)
 Metaspace       used 68991K, committed 70208K, reserved 1114112K
  class space    used 7371K, committed 7872K, reserved 1048576K
}
Event: 12.414 GC heap after
{Heap after GC invocations=73 (full 4):
 PSYoungGen      total 10240K, used 192K [0x00000000eab00000, 0x00000000eb980000, 0x0000000100000000)
  eden space 9728K, 0% used [0x00000000eab00000,0x00000000eab00000,0x00000000eb480000)
  from space 512K, 37% used [0x00000000eb900000,0x00000000eb930288,0x00000000eb980000)
  to   space 2048K, 0% used [0x00000000eb580000,0x00000000eb580000,0x00000000eb780000)
 ParOldGen       total 89088K, used 82853K [0x00000000c0000000, 0x00000000c5700000, 0x00000000eab00000)
  object space 89088K, 93% used [0x00000000c0000000,0x00000000c50e96a0,0x00000000c5700000)
 Metaspace       used 68991K, committed 70208K, reserved 1114112K
  class space    used 7371K, committed 7872K, reserved 1048576K
}
Event: 12.414 GC heap before
{Heap before GC invocations=74 (full 5):
 PSYoungGen      total 10240K, used 192K [0x00000000eab00000, 0x00000000eb980000, 0x0000000100000000)
  eden space 9728K, 0% used [0x00000000eab00000,0x00000000eab00000,0x00000000eb480000)
  from space 512K, 37% used [0x00000000eb900000,0x00000000eb930288,0x00000000eb980000)
  to   space 2048K, 0% used [0x00000000eb580000,0x00000000eb580000,0x00000000eb780000)
 ParOldGen       total 89088K, used 82853K [0x00000000c0000000, 0x00000000c5700000, 0x00000000eab00000)
  object space 89088K, 93% used [0x00000000c0000000,0x00000000c50e96a0,0x00000000c5700000)
 Metaspace       used 68991K, committed 70208K, reserved 1114112K
  class space    used 7371K, committed 7872K, reserved 1048576K
}
Event: 12.481 GC heap after
{Heap after GC invocations=74 (full 5):
 PSYoungGen      total 11776K, used 0K [0x00000000eab00000, 0x00000000eb980000, 0x0000000100000000)
  eden space 9728K, 0% used [0x00000000eab00000,0x00000000eab00000,0x00000000eb480000)
  from space 2048K, 0% used [0x00000000eb580000,0x00000000eb580000,0x00000000eb780000)
  to   space 2048K, 0% used [0x00000000eb780000,0x00000000eb780000,0x00000000eb980000)
 ParOldGen       total 102912K, used 69784K [0x00000000c0000000, 0x00000000c6480000, 0x00000000eab00000)
  object space 102912K, 67% used [0x00000000c0000000,0x00000000c4426120,0x00000000c6480000)
 Metaspace       used 68991K, committed 70208K, reserved 1114112K
  class space    used 7371K, committed 7872K, reserved 1048576K
}
Event: 12.547 GC heap before
{Heap before GC invocations=75 (full 6):
 PSYoungGen      total 11776K, used 9728K [0x00000000eab00000, 0x00000000eb980000, 0x0000000100000000)
  eden space 9728K, 100% used [0x00000000eab00000,0x00000000eb480000,0x00000000eb480000)
  from space 2048K, 0% used [0x00000000eb580000,0x00000000eb580000,0x00000000eb780000)
  to   space 2048K, 0% used [0x00000000eb780000,0x00000000eb780000,0x00000000eb980000)
 ParOldGen       total 114176K, used 107127K [0x00000000c0000000, 0x00000000c6f80000, 0x00000000eab00000)
  object space 114176K, 93% used [0x00000000c0000000,0x00000000c689dca8,0x00000000c6f80000)
 Metaspace       used 69110K, committed 70336K, reserved 1114112K
  class space    used 7386K, committed 7872K, reserved 1048576K
}
Event: 12.605 GC heap after
{Heap after GC invocations=75 (full 6):
 PSYoungGen      total 12800K, used 0K [0x00000000eab00000, 0x00000000eb980000, 0x0000000100000000)
  eden space 10752K, 0% used [0x00000000eab00000,0x00000000eab00000,0x00000000eb580000)
  from space 2048K, 0% used [0x00000000eb780000,0x00000000eb780000,0x00000000eb980000)
  to   space 2048K, 0% used [0x00000000eb580000,0x00000000eb580000,0x00000000eb780000)
 ParOldGen       total 117248K, used 74262K [0x00000000c0000000, 0x00000000c7280000, 0x00000000eab00000)
  object space 117248K, 63% used [0x00000000c0000000,0x00000000c4885bd0,0x00000000c7280000)
 Metaspace       used 69110K, committed 70336K, reserved 1114112K
  class space    used 7386K, committed 7872K, reserved 1048576K
}
Event: 12.639 GC heap before
{Heap before GC invocations=76 (full 6):
 PSYoungGen      total 12800K, used 10752K [0x00000000eab00000, 0x00000000eb980000, 0x0000000100000000)
  eden space 10752K, 100% used [0x00000000eab00000,0x00000000eb580000,0x00000000eb580000)
  from space 2048K, 0% used [0x00000000eb780000,0x00000000eb780000,0x00000000eb980000)
  to   space 2048K, 0% used [0x00000000eb580000,0x00000000eb580000,0x00000000eb780000)
 ParOldGen       total 117248K, used 74262K [0x00000000c0000000, 0x00000000c7280000, 0x00000000eab00000)
  object space 117248K, 63% used [0x00000000c0000000,0x00000000c4885bd0,0x00000000c7280000)
 Metaspace       used 69123K, committed 70336K, reserved 1114112K
  class space    used 7386K, committed 7872K, reserved 1048576K
}
Event: 12.642 GC heap after
{Heap after GC invocations=76 (full 6):
 PSYoungGen      total 12800K, used 2048K [0x00000000eab00000, 0x00000000ebd80000, 0x0000000100000000)
  eden space 10752K, 0% used [0x00000000eab00000,0x00000000eab00000,0x00000000eb580000)
  from space 2048K, 100% used [0x00000000eb580000,0x00000000eb780000,0x00000000eb780000)
  to   space 3584K, 0% used [0x00000000eba00000,0x00000000eba00000,0x00000000ebd80000)
 ParOldGen       total 117248K, used 75206K [0x00000000c0000000, 0x00000000c7280000, 0x00000000eab00000)
  object space 117248K, 64% used [0x00000000c0000000,0x00000000c4971bd0,0x00000000c7280000)
 Metaspace       used 69123K, committed 70336K, reserved 1114112K
  class space    used 7386K, committed 7872K, reserved 1048576K
}
Event: 12.673 GC heap before
{Heap before GC invocations=77 (full 6):
 PSYoungGen      total 12800K, used 12800K [0x00000000eab00000, 0x00000000ebd80000, 0x0000000100000000)
  eden space 10752K, 100% used [0x00000000eab00000,0x00000000eb580000,0x00000000eb580000)
  from space 2048K, 100% used [0x00000000eb580000,0x00000000eb780000,0x00000000eb780000)
  to   space 3584K, 0% used [0x00000000eba00000,0x00000000eba00000,0x00000000ebd80000)
 ParOldGen       total 117248K, used 75206K [0x00000000c0000000, 0x00000000c7280000, 0x00000000eab00000)
  object space 117248K, 64% used [0x00000000c0000000,0x00000000c4971bd0,0x00000000c7280000)
 Metaspace       used 69129K, committed 70336K, reserved 1114112K
  class space    used 7386K, committed 7872K, reserved 1048576K
}
Event: 12.677 GC heap after
{Heap after GC invocations=77 (full 6):
 PSYoungGen      total 14848K, used 3456K [0x00000000eab00000, 0x00000000ebe80000, 0x0000000100000000)
  eden space 11264K, 0% used [0x00000000eab00000,0x00000000eab00000,0x00000000eb600000)
  from space 3584K, 96% used [0x00000000eba00000,0x00000000ebd60000,0x00000000ebd80000)
  to   space 4096K, 0% used [0x00000000eb600000,0x00000000eb600000,0x00000000eba00000)
 ParOldGen       total 117248K, used 77262K [0x00000000c0000000, 0x00000000c7280000, 0x00000000eab00000)
  object space 117248K, 65% used [0x00000000c0000000,0x00000000c4b73bd0,0x00000000c7280000)
 Metaspace       used 69129K, committed 70336K, reserved 1114112K
  class space    used 7386K, committed 7872K, reserved 1048576K
}
Event: 12.695 GC heap before
{Heap before GC invocations=78 (full 6):
 PSYoungGen      total 14848K, used 14720K [0x00000000eab00000, 0x00000000ebe80000, 0x0000000100000000)
  eden space 11264K, 100% used [0x00000000eab00000,0x00000000eb600000,0x00000000eb600000)
  from space 3584K, 96% used [0x00000000eba00000,0x00000000ebd60000,0x00000000ebd80000)
  to   space 4096K, 0% used [0x00000000eb600000,0x00000000eb600000,0x00000000eba00000)
 ParOldGen       total 117248K, used 77262K [0x00000000c0000000, 0x00000000c7280000, 0x00000000eab00000)
  object space 117248K, 65% used [0x00000000c0000000,0x00000000c4b73bd0,0x00000000c7280000)
 Metaspace       used 69151K, committed 70336K, reserved 1114112K
  class space    used 7386K, committed 7872K, reserved 1048576K
}
Event: 12.702 GC heap after
{Heap after GC invocations=78 (full 6):
 PSYoungGen      total 15360K, used 4096K [0x00000000eab00000, 0x00000000ecd80000, 0x0000000100000000)
  eden space 11264K, 0% used [0x00000000eab00000,0x00000000eab00000,0x00000000eb600000)
  from space 4096K, 100% used [0x00000000eb600000,0x00000000eba00000,0x00000000eba00000)
  to   space 11264K, 0% used [0x00000000ec280000,0x00000000ec280000,0x00000000ecd80000)
 ParOldGen       total 117248K, used 82982K [0x00000000c0000000, 0x00000000c7280000, 0x00000000eab00000)
  object space 117248K, 70% used [0x00000000c0000000,0x00000000c5109bd0,0x00000000c7280000)
 Metaspace       used 69151K, committed 70336K, reserved 1114112K
  class space    used 7386K, committed 7872K, reserved 1048576K
}
Event: 12.721 GC heap before
{Heap before GC invocations=79 (full 6):
 PSYoungGen      total 15360K, used 15360K [0x00000000eab00000, 0x00000000ecd80000, 0x0000000100000000)
  eden space 11264K, 100% used [0x00000000eab00000,0x00000000eb600000,0x00000000eb600000)
  from space 4096K, 100% used [0x00000000eb600000,0x00000000eba00000,0x00000000eba00000)
  to   space 11264K, 0% used [0x00000000ec280000,0x00000000ec280000,0x00000000ecd80000)
 ParOldGen       total 117248K, used 82982K [0x00000000c0000000, 0x00000000c7280000, 0x00000000eab00000)
  object space 117248K, 70% used [0x00000000c0000000,0x00000000c5109bd0,0x00000000c7280000)
 Metaspace       used 69165K, committed 70336K, reserved 1114112K
  class space    used 7386K, committed 7872K, reserved 1048576K
}
Event: 12.729 GC heap after
{Heap after GC invocations=79 (full 6):
 PSYoungGen      total 19968K, used 6752K [0x00000000eab00000, 0x00000000ec980000, 0x0000000100000000)
  eden space 12800K, 0% used [0x00000000eab00000,0x00000000eab00000,0x00000000eb780000)
  from space 7168K, 94% used [0x00000000ec280000,0x00000000ec918000,0x00000000ec980000)
  to   space 8192K, 0% used [0x00000000eb980000,0x00000000eb980000,0x00000000ec180000)
 ParOldGen       total 117248K, used 87094K [0x00000000c0000000, 0x00000000c7280000, 0x00000000eab00000)
  object space 117248K, 74% used [0x00000000c0000000,0x00000000c550dbd0,0x00000000c7280000)
 Metaspace       used 69165K, committed 70336K, reserved 1114112K
  class space    used 7386K, committed 7872K, reserved 1048576K
}
Event: 12.762 GC heap before
{Heap before GC invocations=80 (full 6):
 PSYoungGen      total 19968K, used 19552K [0x00000000eab00000, 0x00000000ec980000, 0x0000000100000000)
  eden space 12800K, 100% used [0x00000000eab00000,0x00000000eb780000,0x00000000eb780000)
  from space 7168K, 94% used [0x00000000ec280000,0x00000000ec918000,0x00000000ec980000)
  to   space 8192K, 0% used [0x00000000eb980000,0x00000000eb980000,0x00000000ec180000)
 ParOldGen       total 117248K, used 87094K [0x00000000c0000000, 0x00000000c7280000, 0x00000000eab00000)
  object space 117248K, 74% used [0x00000000c0000000,0x00000000c550dbd0,0x00000000c7280000)
 Metaspace       used 69223K, committed 70400K, reserved 1114112K
  class space    used 7395K, committed 7872K, reserved 1048576K
}
Event: 12.778 GC heap after
{Heap after GC invocations=80 (full 6):
 PSYoungGen      total 22528K, used 8192K [0x00000000eab00000, 0x00000000eda00000, 0x0000000100000000)
  eden space 14336K, 0% used [0x00000000eab00000,0x00000000eab00000,0x00000000eb900000)
  from space 8192K, 100% used [0x00000000eb980000,0x00000000ec180000,0x00000000ec180000)
  to   space 16896K, 0% used [0x00000000ec980000,0x00000000ec980000,0x00000000eda00000)
 ParOldGen       total 117248K, used 94238K [0x00000000c0000000, 0x00000000c7280000, 0x00000000eab00000)
  object space 117248K, 80% used [0x00000000c0000000,0x00000000c5c07bd0,0x00000000c7280000)
 Metaspace       used 69223K, committed 70400K, reserved 1114112K
  class space    used 7395K, committed 7872K, reserved 1048576K
}
Event: 18.978 GC heap before
{Heap before GC invocations=81 (full 6):
 PSYoungGen      total 22528K, used 22526K [0x00000000eab00000, 0x00000000eda00000, 0x0000000100000000)
  eden space 14336K, 99% used [0x00000000eab00000,0x00000000eb8ff9c0,0x00000000eb900000)
  from space 8192K, 100% used [0x00000000eb980000,0x00000000ec180000,0x00000000ec180000)
  to   space 16896K, 0% used [0x00000000ec980000,0x00000000ec980000,0x00000000eda00000)
 ParOldGen       total 117248K, used 94238K [0x00000000c0000000, 0x00000000c7280000, 0x00000000eab00000)
  object space 117248K, 80% used [0x00000000c0000000,0x00000000c5c07bd0,0x00000000c7280000)
 Metaspace       used 69410K, committed 70592K, reserved 1114112K
  class space    used 7416K, committed 7936K, reserved 1048576K
}

